<?xml version="1.0" encoding="UTF-8"?>
<!-- Generated by org.testng.reporters.JUnitReportReporter -->
<testsuite hostname="Sanjai" failures="0" tests="16" name="all.AllinOne" time="278.994" errors="0" timestamp="2025-01-20T19:25:00 IST" skipped="0">
  <testcase classname="all.AllinOne" name="MouseHover" time="46.750"/>
  <testcase classname="all.AllinOne" name="form" time="9.528"/>
  <testcase classname="all.AllinOne" name="uploadFile" time="26.698"/>
  <testcase classname="all.AllinOne" name="table" time="9.717"/>
  <testcase classname="all.AllinOne" name="NewWindow" time="47.847"/>
  <testcase classname="all.AllinOne" name="PromptAlert" time="10.620"/>
  <testcase classname="all.AllinOne" name="Countrydrop" time="11.871"/>
  <testcase classname="all.AllinOne" name="ConfirmationAlert" time="8.109"/>
  <testcase classname="all.AllinOne" name="HiddenElement" time="12.530"/>
  <testcase classname="all.AllinOne" name="Errorcode" time="11.336"/>
  <testcase classname="all.AllinOne" name="SimpleAlert" time="8.923"/>
  <testcase classname="all.AllinOne" name="enterName" time="10.567"/>
  <testcase classname="all.AllinOne" name="DragAndDrop" time="12.215"/>
  <testcase classname="all.AllinOne" name="daysCheckbox" time="25.524"/>
  <testcase classname="all.AllinOne" name="gender" time="11.545"/>
  <testcase classname="all.AllinOne" name="DatePicker1" time="15.214"/>
</testsuite> <!-- all.AllinOne -->
