<?xml version="1.0" encoding="UTF-8"?>
<!-- Generated by org.testng.reporters.JUnitReportReporter -->
<testsuite hostname="Sanjai" failures="0" tests="17" name="all.AllinOne" time="229.412" errors="0" timestamp="2025-01-20T21:44:29 IST" skipped="0">
  <testcase classname="all.AllinOne" name="ConfirmationAlert" time="8.649"/>
  <testcase classname="all.AllinOne" name="Countrydrop" time="12.136"/>
  <testcase classname="all.AllinOne" name="DragAndDrop" time="10.769"/>
  <testcase classname="all.AllinOne" name="Errorcode" time="10.688"/>
  <testcase classname="all.AllinOne" name="HiddenElement" time="19.707"/>
  <testcase classname="all.AllinOne" name="form" time="14.840"/>
  <testcase classname="all.AllinOne" name="NewWindow" time="51.297"/>
  <testcase classname="all.AllinOne" name="PromptAlert" time="10.134"/>
  <testcase classname="all.AllinOne" name="MouseHover" time="9.604"/>
  <testcase classname="all.AllinOne" name="SimpleAlert" time="9.235"/>
  <testcase classname="all.AllinOne" name="uploadFile" time="10.064"/>
  <testcase classname="all.AllinOne" name="DatePicker1" time="9.039"/>
  <testcase classname="all.AllinOne" name="daysCheckbox" time="13.243"/>
  <testcase classname="all.AllinOne" name="enterName" time="11.383"/>
  <testcase classname="all.AllinOne" name="ScreeShot" time="9.113"/>
  <testcase classname="all.AllinOne" name="gender" time="11.641"/>
  <testcase classname="all.AllinOne" name="table" time="7.870"/>
</testsuite> <!-- all.AllinOne -->
